MABusInfo/proguard/seeds.txt
com.ma.bus.activities.BuildConfig
com.ma.bus.activities.BuildConfig: boolean DEBUG
com.ma.bus.activities.BuildConfig: BuildConfig()
com.ma.bus.activities.MainActivity
com.ma.bus.activities.MainActivity: com.ma.android.views.DefaultView dv
com.ma.bus.activities.MainActivity: android.app.ProgressDialog dialog
com.ma.bus.activities.MainActivity: android.os.Handler defaultDialogHandler
com.ma.bus.activities.MainActivity: android.os.Handler dismissDialogHandler
com.ma.bus.activities.MainActivity: MainActivity()
com.ma.bus.activities.MainActivity: void onCreate(android.os.Bundle)
com.ma.bus.activities.MainActivity: void changeView(java.lang.String)
com.ma.bus.activities.MainActivity: boolean onKeyDown(int,android.view.KeyEvent)
com.ma.bus.activities.MainActivity: void onDestroy()
com.ma.bus.activities.MainActivity: void showDefaultDialog()
com.ma.bus.activities.MainActivity: void dismissDefaultDialog()
com.ma.bus.activities.MainActivity: android.app.ProgressDialog getProgressDialog()
com.ma.bus.activities.MainActivity: android.app.ProgressDialog access$0(com.ma.bus.activities.MainActivity)
com.ma.bus.activities.MainActivity: android.app.ProgressDialog access$1(com.ma.bus.activities.MainActivity)
com.ma.bus.activities.MainActivity: void access$2(com.ma.bus.activities.MainActivity,android.app.ProgressDialog)
com.ma.bus.activities.MainActivity$1
com.ma.bus.activities.MainActivity$1: com.ma.bus.activities.MainActivity this$0
com.ma.bus.activities.MainActivity$1: MainActivity$1(com.ma.bus.activities.MainActivity)
com.ma.bus.activities.MainActivity$1: void handleMessage(android.os.Message)
com.ma.bus.activities.MainActivity$2
com.ma.bus.activities.MainActivity$2: com.ma.bus.activities.MainActivity this$0
com.ma.bus.activities.MainActivity$2: MainActivity$2(com.ma.bus.activities.MainActivity)
com.ma.bus.activities.MainActivity$2: void handleMessage(android.os.Message)
com.ma.bus.activities.R
com.ma.bus.activities.R: R()
com.ma.bus.activities.R$attr
com.ma.bus.activities.R$attr: R$attr()
com.ma.bus.activities.R$color
com.ma.bus.activities.R$color: int alphablack
com.ma.bus.activities.R$color: int body_background
com.ma.bus.activities.R$color: int header_background
com.ma.bus.activities.R$color: int menu_background
com.ma.bus.activities.R$color: int subject_background
com.ma.bus.activities.R$color: int text_background
com.ma.bus.activities.R$color: int text_blue
com.ma.bus.activities.R$color: int text_blue_1
com.ma.bus.activities.R$color: int text_dark
com.ma.bus.activities.R$color: int text_green
com.ma.bus.activities.R$color: int text_khaki
com.ma.bus.activities.R$color: int text_light
com.ma.bus.activities.R$color: int text_pink
com.ma.bus.activities.R$color: int text_red
com.ma.bus.activities.R$color: int text_yellow
com.ma.bus.activities.R$color: int title_background
com.ma.bus.activities.R$color: R$color()
com.ma.bus.activities.R$drawable
com.ma.bus.activities.R$drawable: int bus_icon
com.ma.bus.activities.R$drawable: int bus_icon_big
com.ma.bus.activities.R$drawable: int ic_exit_to_app_black_36dp
com.ma.bus.activities.R$drawable: int ic_launcher
com.ma.bus.activities.R$drawable: int ic_navigate_before_black_36dp
com.ma.bus.activities.R$drawable: int icon_background
com.ma.bus.activities.R$drawable: int line_1
com.ma.bus.activities.R$drawable: int line_2
com.ma.bus.activities.R$drawable: R$drawable()
...
org.jsoup.select.Evaluator
org.jsoup.select.Evaluator: Evaluator()
org.jsoup.select.Evaluator: boolean matches(org.jsoup.nodes.Element,org.jsoup.nodes.Element)
org.jsoup.select.Evaluator$AllElements
org.jsoup.select.Evaluator$AllElements: Evaluator$AllElements()
org.jsoup.select.Evaluator$AllElements: boolean matches(org.jsoup.nodes.Element,org.jsoup.nodes.Element)
org.jsoup.select.Evaluator$AllElements: java.lang.String toString()
org.jsoup.select.Evaluator$Attribute
org.jsoup.select.Evaluator$Attribute: java.lang.String key
org.jsoup.select.Evaluator$Attribute: Evaluator$Attribute(java.lang.String)
org.jsoup.select.Evaluator$Attribute: boolean matches(org.jsoup.nodes.Element,org.jsoup.nodes.Element)
org.jsoup.select.Evaluator$Attribute: java.lang.String toString()
org.jsoup.select.Evaluator$AttributeKeyPair
org.jsoup.select.Evaluator$AttributeKeyPair: java.lang.String key
org.jsoup.select.Evaluator$AttributeKeyPair: java.lang.String value
org.jsoup.select.Evaluator$AttributeKeyPair: Evaluator$AttributeKeyPair(java.lang.String,java.lang.String)
org.jsoup.select.Evaluator$AttributeStarting
org.jsoup.select.Evaluator$AttributeStarting: java.lang.String keyPrefix
org.jsoup.select.Evaluator$AttributeStarting: Evaluator$AttributeStarting(java.lang.String)
org.jsoup.select.Evaluator$AttributeStarting: boolean matches(org.jsoup.nodes.Element,org.jsoup.nodes.Element)
org.jsoup.select.Evaluator$AttributeStarting: java.lang.String toString()
org.jsoup.select.Evaluator$AttributeWithValue
org.jsoup.select.Evaluator$AttributeWithValue: Evaluator$AttributeWithValue(java.lang.String,java.lang.String)
org.jsoup.select.Evaluator$AttributeWithValue: boolean matches(org.jsoup.nodes.Element,org.jsoup.nodes.Element)
org.jsoup.select.Evaluator$AttributeWithValue: java.lang.String toString()
org.jsoup.select.Evaluator$AttributeWithValueContaining
org.jsoup.select.Evaluator$AttributeWithValueContaining: Evaluator$AttributeWithValueContaining(java.lang.String,java.lang.String)
org.jsoup.select.Evaluator$AttributeWithValueContaining: boolean matches(org.jsoup.nodes.Element,org.jsoup.nodes.Element)
org.jsoup.select.Evaluator$AttributeWithValueContaining: java.lang.String toString()
org.jsoup.select.Evaluator$AttributeWithValueEnding
org.jsoup.select.Evaluator$AttributeWithValueEnding: Evaluator$AttributeWithValueEnding(java.lang.String,java.lang.String)
org.jsoup.select.Evaluator$AttributeWithValueEnding: boolean matches(org.jsoup.nodes.Element,org.jsoup.nodes.Element)
org.jsoup.select.Evaluator$AttributeWithValueEnding: java.lang.String toString()
org.jsoup.select.Evaluator$AttributeWithValueMatching
org.jsoup.select.Evaluator$AttributeWithValueMatching: java.lang.String key
org.jsoup.select.Evaluator$AttributeWithValueMatching: java.util.regex.Pattern pattern
org.jsoup.select.Evaluator$AttributeWithValueMatching: Evaluator$AttributeWithValueMatching(java.lang.String,java.util.regex.Pattern)
org.jsoup.select.Evaluator$AttributeWithValueMatching: boolean matches(org.jsoup.nodes.Element,org.jsoup.nodes.Element)
org.jsoup.select.Evaluator$AttributeWithValueMatching: java.lang.String toString()
org.jsoup.select.Evaluator$AttributeWithValueNot
org.jsoup.select.Evaluator$AttributeWithValueNot: Evaluator$AttributeWithValueNot(java.lang.String,java.lang.String)
org.jsoup.select.Evaluator$AttributeWithValueNot: boolean matches(org.jsoup.nodes.Element,org.jsoup.nodes.Element)
org.jsoup.select.Evaluator$AttributeWithValueNot: java.lang.String toString()
org.jsoup.select.Evaluator$AttributeWithValueStarting
org.jsoup.select.Evaluator$AttributeWithValueStarting: Evaluator$AttributeWithValueStarting(java.lang.String,java.lang.String)
org.jsoup.select.Evaluator$AttributeWithValueStarting: boolean matches(org.jsoup.nodes.Element,org.jsoup.nodes.Element)
org.jsoup.select.Evaluator$AttributeWithValueStarting: java.lang.String toString()