MABusInfo/proguard/mapping.txt
com.ma.bus.activities.BuildConfig -> com.ma.bus.activities.BuildConfig:
    boolean DEBUG -> DEBUG
com.ma.bus.activities.MainActivity -> com.ma.bus.activities.MainActivity:
    com.ma.android.views.DefaultView dv -> dv
    android.app.ProgressDialog dialog -> dialog
    android.os.Handler defaultDialogHandler -> defaultDialogHandler
    android.os.Handler dismissDialogHandler -> dismissDialogHandler
    void onCreate(android.os.Bundle) -> onCreate
    void changeView(java.lang.String) -> changeView
    boolean onKeyDown(int,android.view.KeyEvent) -> onKeyDown
    void onDestroy() -> onDestroy
    void showDefaultDialog() -> showDefaultDialog
    void dismissDefaultDialog() -> dismissDefaultDialog
    android.app.ProgressDialog getProgressDialog() -> getProgressDialog
    android.app.ProgressDialog access$0(com.ma.bus.activities.MainActivity) -> access$0
    android.app.ProgressDialog access$1(com.ma.bus.activities.MainActivity) -> access$1
    void access$2(com.ma.bus.activities.MainActivity,android.app.ProgressDialog) -> access$2
com.ma.bus.activities.MainActivity$1 -> com.ma.bus.activities.MainActivity$1:
    com.ma.bus.activities.MainActivity this$0 -> this$0
    void handleMessage(android.os.Message) -> handleMessage
com.ma.bus.activities.MainActivity$2 -> com.ma.bus.activities.MainActivity$2:
    com.ma.bus.activities.MainActivity this$0 -> this$0
    void handleMessage(android.os.Message) -> handleMessage
com.ma.bus.activities.R -> com.ma.bus.activities.R:
com.ma.bus.activities.R$attr -> com.ma.bus.activities.R$attr:
com.ma.bus.activities.R$color -> com.ma.bus.activities.R$color:
    int alphablack -> alphablack
    int body_background -> body_background
    int header_background -> header_background
    int menu_background -> menu_background
    int subject_background -> subject_background
    int text_background -> text_background
    int text_blue -> text_blue
    int text_blue_1 -> text_blue_1
    int text_dark -> text_dark
    int text_green -> text_green
    int text_khaki -> text_khaki
    int text_light -> text_light
    int text_pink -> text_pink
    int text_red -> text_red
    int text_yellow -> text_yellow
    int title_background -> title_background
com.ma.bus.activities.R$drawable -> com.ma.bus.activities.R$drawable:
    int bus_icon -> bus_icon
    int bus_icon_big -> bus_icon_big
    int ic_exit_to_app_black_36dp -> ic_exit_to_app_black_36dp
    int ic_launcher -> ic_launcher
    int ic_navigate_before_black_36dp -> ic_navigate_before_black_36dp
    int icon_background -> icon_background
    int line_1 -> line_1
    int line_2 -> line_2
com.ma.bus.activities.R$id -> com.ma.bus.activities.R$id:
    int app_name -> app_name
    int auto_complete_text -> auto_complete_text
    int auto_complete_text_1 -> auto_complete_text_1
    int auto_complete_text_2 -> auto_complete_text_2
    int backtime -> backtime
    int before_img -> before_img
    int btn_train_time -> btn_train_time
    int bus_favorite -> bus_favorite
    int bus_favorite_list -> bus_favorite_list
    int bus_info_title -> bus_info_title
    int bus_infos -> bus_infos
    int bus_name -> bus_name
    int busno -> busno
    int but_favorite -> but_favorite
    int but_kaohsiung -> but_kaohsiung
    int but_taichung -> but_taichung
    int but_tainan -> but_tainan
    int but_taipei -> but_taipei
    int but_thsrc -> but_thsrc
    int but_twtrain -> but_twtrain
    int button1 -> button1
    int button2 -> button2
    int date_spinner -> date_spinner
    int exit_img -> exit_img
    int fromtime -> fromtime
    int fromto -> fromto
    int gotime -> gotime
    int header -> header
    int imageView1 -> imageView1
    int price -> price
    int scrollView1 -> scrollView1
    int station -> station
    int totime -> totime
    int train_infos -> train_infos
    int trian_info_title -> trian_info_title
    int typecode -> typecode
...
org.jsoup.parser.TokeniserState$37 -> org.jsoup.parser.TokeniserState$37:
    void read(org.jsoup.parser.Tokeniser,org.jsoup.parser.CharacterReader) -> read
org.jsoup.parser.TokeniserState$38 -> org.jsoup.parser.TokeniserState$38:
    void read(org.jsoup.parser.Tokeniser,org.jsoup.parser.CharacterReader) -> read
org.jsoup.parser.TokeniserState$39 -> org.jsoup.parser.TokeniserState$39:
    void read(org.jsoup.parser.Tokeniser,org.jsoup.parser.CharacterReader) -> read
org.jsoup.parser.TokeniserState$4 -> org.jsoup.parser.TokeniserState$4:
    void read(org.jsoup.parser.Tokeniser,org.jsoup.parser.CharacterReader) -> read
org.jsoup.parser.TokeniserState$40 -> org.jsoup.parser.TokeniserState$40:
    void read(org.jsoup.parser.Tokeniser,org.jsoup.parser.CharacterReader) -> read
org.jsoup.parser.TokeniserState$41 -> org.jsoup.parser.TokeniserState$41:
    void read(org.jsoup.parser.Tokeniser,org.jsoup.parser.CharacterReader) -> read
org.jsoup.parser.TokeniserState$42 -> org.jsoup.parser.TokeniserState$42:
    void read(org.jsoup.parser.Tokeniser,org.jsoup.parser.CharacterReader) -> read
org.jsoup.parser.TokeniserState$43 -> org.jsoup.parser.TokeniserState$43:
    void read(org.jsoup.parser.Tokeniser,org.jsoup.parser.CharacterReader) -> read
org.jsoup.parser.TokeniserState$44 -> org.jsoup.parser.TokeniserState$44:
    void read(org.jsoup.parser.Tokeniser,org.jsoup.parser.CharacterReader) -> read
org.jsoup.parser.TokeniserState$45 -> org.jsoup.parser.TokeniserState$45:
    void read(org.jsoup.parser.Tokeniser,org.jsoup.parser.CharacterReader) -> read
org.jsoup.parser.TokeniserState$46 -> org.jsoup.parser.TokeniserState$46:
    void read(org.jsoup.parser.Tokeniser,org.jsoup.parser.CharacterReader) -> read
org.jsoup.parser.TokeniserState$47 -> org.jsoup.parser.TokeniserState$47:
    void read(org.jsoup.parser.Tokeniser,org.jsoup.parser.CharacterReader) -> read
org.jsoup.parser.TokeniserState$48 -> org.jsoup.parser.TokeniserState$48:
    void read(org.jsoup.parser.Tokeniser,org.jsoup.parser.CharacterReader) -> read
org.jsoup.parser.TokeniserState$49 -> org.jsoup.parser.TokeniserState$49:
    void read(org.jsoup.parser.Tokeniser,org.jsoup.parser.CharacterReader) -> read
org.jsoup.parser.TokeniserState$5 -> org.jsoup.parser.TokeniserState$5:
    void read(org.jsoup.parser.Tokeniser,org.jsoup.parser.CharacterReader) -> read
org.jsoup.parser.TokeniserState$50 -> org.jsoup.parser.TokeniserState$50:
    void read(org.jsoup.parser.Tokeniser,org.jsoup.parser.CharacterReader) -> read
org.jsoup.parser.TokeniserState$51 -> org.jsoup.parser.TokeniserState$51:
    void read(org.jsoup.parser.Tokeniser,org.jsoup.parser.CharacterReader) -> read
org.jsoup.parser.TokeniserState$52 -> org.jsoup.parser.TokeniserState$52:
    void read(org.jsoup.parser.Tokeniser,org.jsoup.parser.CharacterReader) -> read
org.jsoup.parser.TokeniserState$53 -> org.jsoup.parser.TokeniserState$53:
    void read(org.jsoup.parser.Tokeniser,org.jsoup.parser.CharacterReader) -> read
org.jsoup.parser.TokeniserState$54 -> org.jsoup.parser.TokeniserState$54:
    void read(org.jsoup.parser.Tokeniser,org.jsoup.parser.CharacterReader) -> read
org.jsoup.parser.TokeniserState$55 -> org.jsoup.parser.TokeniserState$55:
    void read(org.jsoup.parser.Tokeniser,org.jsoup.parser.CharacterReader) -> read
org.jsoup.parser.TokeniserState$56 -> org.jsoup.parser.TokeniserState$56:
    void read(org.jsoup.parser.Tokeniser,org.jsoup.parser.CharacterReader) -> read
org.jsoup.parser.TokeniserState$57 -> org.jsoup.parser.TokeniserState$57:
    void read(org.jsoup.parser.Tokeniser,org.jsoup.parser.CharacterReader) -> read
org.jsoup.parser.TokeniserState$58 -> org.jsoup.parser.TokeniserState$58:
    void read(org.jsoup.parser.Tokeniser,org.jsoup.parser.CharacterReader) -> read
org.jsoup.parser.TokeniserState$59 -> org.jsoup.parser.TokeniserState$59:
    void read(org.jsoup.parser.Tokeniser,org.jsoup.parser.CharacterReader) -> read