MABusInfo/proguard/usage.txt
com.ma.android.schedule.TaipeiBusJob:
    37:37:public boolean isRun()
com.ma.android.service.MAWidgetProvider
com.ma.android.utils.AndroidUtil:
    public static final int REQUEST_TAKE_PHOTO
    public static final int REQUEST_PHOTO
    public static final java.lang.String KEY_IMG_TYPE
    android.view.animation.AnimationSet showTop
    android.view.animation.AnimationSet showBottom
    android.view.animation.AnimationSet dismissTop
    197:203:public void saveKeyValue(android.app.Activity,java.lang.String,java.lang.String)
    206:212:public void removeKeyValue(android.app.Activity,java.lang.String)
    214:216:public java.lang.String getKeyValue(android.app.Activity,java.lang.String)
    219:221:public java.lang.String getKeyValue(android.app.Activity,java.lang.String,java.lang.String)
    225:227:public float convertPixelsToDp(float,android.content.Context)
    232:234:public float convertDpToPixel(float,android.content.Context)
    243:246:public java.io.File getStorageDir(java.lang.String)
    250:271:public void takePictureIntent(android.app.Activity,java.lang.String,java.lang.String)
    275:280:public void getPicture(android.app.Activity)
    284:287:public android.graphics.drawable.Drawable getDrawable(android.content.Context,java.io.File)
    293:323:public void downloadFile(java.lang.String,java.lang.String,java.lang.String)
    327:341:public void showButtonDialog(android.content.Context,java.lang.String,java.lang.String,java.lang.String)
    345:345:public java.lang.Boolean getTTSStatus()
com.ma.android.utils.AndroidUtil$1
com.ma.android.utils.AndroidUtil$2
com.ma.android.utils.DateUtil:
    26:33:public long TimeInterval(java.util.Calendar,java.util.Calendar)
    41:53:public long TimeInterval(java.lang.String,java.lang.String)
    58:68:public long TimeInterval(java.util.Date,java.util.Date)
    81:95:public int DayInterval(java.util.Calendar,java.util.Calendar)
    109:121:public int DayInterval(java.lang.String,java.lang.String)
    133:137:public int DayInterval(java.util.Date,java.util.Date)
    152:156:public boolean compareDate(java.util.Date,java.util.Date,java.util.Date)
    166:170:public java.lang.String formatDate(java.util.Calendar)
    178:181:public java.lang.String formatDate(java.util.Date)
    203:212:public java.util.Date parseDate(java.lang.String)
    223:232:public java.util.Date parseDate(java.lang.String,java.lang.String)
    236:239:public java.util.Date addMinutes(java.util.Date,int)
    242:245:public java.util.Date addSecond(java.util.Date,int)
    248:251:public java.util.Date addHours(java.util.Date,int)
    261:264:public java.util.Date addWeeks(java.util.Date,int)
    269:272:public java.util.Date addMonths(java.util.Date,int)
    280:282:public int getDayOfMonth(java.util.Date)
    286:286:public java.lang.String getFormatDate(java.lang.String)
    291:303:public java.util.Date getLatestDateOfMonth(java.util.Date)
    309:313:public java.util.Date getFirstDateOfMonth(java.util.Date)
    318:322:public boolean isLastDateOfMonth(java.util.Date)
com.ma.android.utils.FileUtil
com.ma.android.utils.HttpUtil:
    57:64:public java.lang.String requestPost(java.lang.String,java.util.HashMap,java.util.HashMap,java.lang.String)
    67:67:public java.lang.String requestPost(java.lang.String,java.util.HashMap,java.util.List)
    125:125:public java.lang.String request(java.lang.String,java.lang.String)
    128:128:public java.lang.String request(java.lang.String,java.util.HashMap)
com.ma.android.utils.ImageUtil